{"$message_type":"diagnostic","message":"failed to resolve: could not find `wasm_bindgen` in the list of imported crates","code":{"code":"E0433","explanation":"An undeclared crate, module, or type was used.\n\nErroneous code example:\n\n```compile_fail,E0433\nlet map = HashMap::new();\n// error: failed to resolve: use of undeclared type `HashMap`\n```\n\nPlease verify you didn't misspell the type/module's name or that you didn't\nforget to import it:\n\n```\nuse std::collections::HashMap; // HashMap has been imported.\nlet map: HashMap<u32, u32> = HashMap::new(); // So it can be used!\n```\n\nIf you've expected to use a crate name:\n\n```compile_fail\nuse ferris_wheel::BigO;\n// error: failed to resolve: use of undeclared module or unlinked crate\n```\n\nMake sure the crate has been added as a dependency in `Cargo.toml`.\n\nTo use a module from your current crate, add the `crate::` prefix to the path.\n"},"level":"error","spans":[{"file_name":"src\\vernam_session.rs","byte_start":1194,"byte_end":1211,"line_start":45,"line_end":45,"column_start":1,"column_end":18,"is_primary":true,"text":[{"text":"#[durable_object]","highlight_start":1,"highlight_end":18}],"label":"could not find `wasm_bindgen` in the list of imported crates","suggested_replacement":null,"suggestion_applicability":null,"expansion":{"span":{"file_name":"src\\vernam_session.rs","byte_start":1194,"byte_end":1211,"line_start":45,"line_end":45,"column_start":1,"column_end":18,"is_primary":false,"text":[{"text":"#[durable_object]","highlight_start":1,"highlight_end":18}],"label":null,"suggested_replacement":null,"suggestion_applicability":null,"expansion":null},"macro_decl_name":"#[wasm_bindgen::prelude::wasm_bindgen]","def_site_span":{"file_name":"C:\\Users\\Administrator\\.cargo\\registry\\src\\index.crates.io-1949cf8c6b5b557f\\wasm-bindgen-macro-0.2.106\\src\\lib.rs","byte_start":293,"byte_end":366,"line_start":10,"line_end":10,"column_start":1,"column_end":74,"is_primary":false,"text":[{"text":"pub fn wasm_bindgen(attr: TokenStream, input: TokenStream) -> TokenStream {","highlight_start":1,"highlight_end":74}],"label":null,"suggested_replacement":null,"suggestion_applicability":null,"expansion":null}}}],"children":[],"rendered":"\u001b[1m\u001b[91merror[E0433]\u001b[0m\u001b[1m\u001b[97m: failed to resolve: could not find `wasm_bindgen` in the list of imported crates\u001b[0m\n  \u001b[1m\u001b[96m--> \u001b[0msrc\\vernam_session.rs:45:1\n   \u001b[1m\u001b[96m|\u001b[0m\n\u001b[1m\u001b[96m45\u001b[0m \u001b[1m\u001b[96m|\u001b[0m #[durable_object]\n   \u001b[1m\u001b[96m|\u001b[0m \u001b[1m\u001b[91m^^^^^^^^^^^^^^^^^\u001b[0m \u001b[1m\u001b[91mcould not find `wasm_bindgen` in the list of imported crates\u001b[0m\n   \u001b[1m\u001b[96m|\u001b[0m\n   \u001b[1m\u001b[96m= \u001b[0m\u001b[1m\u001b[97mnote\u001b[0m: this error originates in the attribute macro `wasm_bindgen::prelude::wasm_bindgen` (in Nightly builds, run with -Z macro-backtrace for more info)\n\n"}
{"$message_type":"diagnostic","message":"cannot find attribute `wasm_bindgen` in this scope","code":null,"level":"error","spans":[{"file_name":"src\\vernam_session.rs","byte_start":1194,"byte_end":1211,"line_start":45,"line_end":45,"column_start":1,"column_end":18,"is_primary":true,"text":[{"text":"#[durable_object]","highlight_start":1,"highlight_end":18}],"label":null,"suggested_replacement":null,"suggestion_applicability":null,"expansion":{"span":{"file_name":"src\\vernam_session.rs","byte_start":1194,"byte_end":1211,"line_start":45,"line_end":45,"column_start":1,"column_end":18,"is_primary":false,"text":[{"text":"#[durable_object]","highlight_start":1,"highlight_end":18}],"label":null,"suggested_replacement":null,"suggestion_applicability":null,"expansion":null},"macro_decl_name":"#[wasm_bindgen::prelude::wasm_bindgen]","def_site_span":{"file_name":"C:\\Users\\Administrator\\.cargo\\registry\\src\\index.crates.io-1949cf8c6b5b557f\\wasm-bindgen-macro-0.2.106\\src\\lib.rs","byte_start":293,"byte_end":366,"line_start":10,"line_end":10,"column_start":1,"column_end":74,"is_primary":false,"text":[{"text":"pub fn wasm_bindgen(attr: TokenStream, input: TokenStream) -> TokenStream {","highlight_start":1,"highlight_end":74}],"label":null,"suggested_replacement":null,"suggestion_applicability":null,"expansion":null}}}],"children":[{"message":"`wasm_bindgen` is imported here, but it is a crate, not an attribute","code":null,"level":"note","spans":[{"file_name":"src\\vernam_session.rs","byte_start":260,"byte_end":269,"line_start":10,"line_end":10,"column_start":5,"column_end":14,"is_primary":true,"text":[{"text":"use worker::*;","highlight_start":5,"highlight_end":14}],"label":null,"suggested_replacement":null,"suggestion_applicability":null,"expansion":null}],"children":[],"rendered":null},{"message":"`wasm_bindgen` is an attribute that can be used by the derive macro `BindgenedStruct`, you might be missing a `derive` attribute","code":null,"level":"help","spans":[{"file_name":"src\\vernam_session.rs","byte_start":1213,"byte_end":1213,"line_start":46,"line_end":46,"column_start":1,"column_end":1,"is_primary":true,"text":[{"text":"pub struct VernamSession {","highlight_start":1,"highlight_end":1}],"label":null,"suggested_replacement":"#[derive(BindgenedStruct)]\n","suggestion_applicability":"MaybeIncorrect","expansion":null}],"children":[],"rendered":null},{"message":"consider importing this attribute macro","code":null,"level":"help","spans":[{"file_name":"src\\vernam_session.rs","byte_start":0,"byte_end":0,"line_start":1,"line_end":1,"column_start":1,"column_end":1,"is_primary":true,"text":[{"text":"/**","highlight_start":1,"highlight_end":1}],"label":null,"suggested_replacement":"use crate::wasm_bindgen::prelude::wasm_bindgen;\n","suggestion_applicability":"MaybeIncorrect","expansion":null}],"children":[],"rendered":null}],"rendered":"\u001b[1m\u001b[91merror\u001b[0m\u001b[1m\u001b[97m: cannot find attribute `wasm_bindgen` in this scope\u001b[0m\n  \u001b[1m\u001b[96m--> \u001b[0msrc\\vernam_session.rs:45:1\n   \u001b[1m\u001b[96m|\u001b[0m\n\u001b[1m\u001b[96m45\u001b[0m \u001b[1m\u001b[96m|\u001b[0m #[durable_object]\n   \u001b[1m\u001b[96m|\u001b[0m \u001b[1m\u001b[91m^^^^^^^^^^^^^^^^^\u001b[0m\n   \u001b[1m\u001b[96m|\u001b[0m\n\u001b[1m\u001b[92mnote\u001b[0m: `wasm_bindgen` is imported here, but it is a crate, not an attribute\n  \u001b[1m\u001b[96m--> \u001b[0msrc\\vernam_session.rs:10:5\n   \u001b[1m\u001b[96m|\u001b[0m\n\u001b[1m\u001b[96m10\u001b[0m \u001b[1m\u001b[96m|\u001b[0m use worker::*;\n   \u001b[1m\u001b[96m|\u001b[0m     \u001b[1m\u001b[92m^^^^^^^^^\u001b[0m\n   \u001b[1m\u001b[96m= \u001b[0m\u001b[1m\u001b[97mnote\u001b[0m: this error originates in the attribute macro `wasm_bindgen::prelude::wasm_bindgen` (in Nightly builds, run with -Z macro-backtrace for more info)\n\u001b[1m\u001b[96mhelp\u001b[0m: `wasm_bindgen` is an attribute that can be used by the derive macro `BindgenedStruct`, you might be missing a `derive` attribute\n   \u001b[1m\u001b[96m|\u001b[0m\n\u001b[1m\u001b[96m46\u001b[0m \u001b[92m+ #[derive(BindgenedStruct)]\u001b[0m\n\u001b[1m\u001b[96m47\u001b[0m \u001b[1m\u001b[96m| \u001b[0mpub struct VernamSession {\n   \u001b[1m\u001b[96m|\u001b[0m\n\u001b[1m\u001b[96mhelp\u001b[0m: consider importing this attribute macro\n   \u001b[1m\u001b[96m|\u001b[0m\n \u001b[1m\u001b[96m1\u001b[0m \u001b[92m+ use crate::wasm_bindgen::prelude::wasm_bindgen;\u001b[0m\n   \u001b[1m\u001b[96m|\u001b[0m\n\n"}
{"$message_type":"diagnostic","message":"cannot find trait `__Need_Durable_Object_Trait_Impl_With_durable_object_Attribute` in this scope","code":{"code":"E0405","explanation":"The code refers to a trait that is not in scope.\n\nErroneous code example:\n\n```compile_fail,E0405\nstruct Foo;\n\nimpl SomeTrait for Foo {} // error: trait `SomeTrait` is not in scope\n```\n\nPlease verify that the name of the trait wasn't misspelled and ensure that it\nwas imported. Example:\n\n```\n# #[cfg(for_demonstration_only)]\n// solution 1:\nuse some_file::SomeTrait;\n\n// solution 2:\ntrait SomeTrait {\n    // some functions\n}\n\nstruct Foo;\n\nimpl SomeTrait for Foo { // ok!\n    // implements functions\n}\n```\n"},"level":"error","spans":[{"file_name":"src\\vernam_session.rs","byte_start":1194,"byte_end":1211,"line_start":45,"line_end":45,"column_start":1,"column_end":18,"is_primary":true,"text":[{"text":"#[durable_object]","highlight_start":1,"highlight_end":18}],"label":"not found in this scope","suggested_replacement":null,"suggestion_applicability":null,"expansion":{"span":{"file_name":"src\\vernam_session.rs","byte_start":1194,"byte_end":1211,"line_start":45,"line_end":45,"column_start":1,"column_end":18,"is_primary":false,"text":[{"text":"#[durable_object]","highlight_start":1,"highlight_end":18}],"label":null,"suggested_replacement":null,"suggestion_applicability":null,"expansion":null},"macro_decl_name":"#[durable_object]","def_site_span":{"file_name":"C:\\Users\\Administrator\\.cargo\\registry\\src\\index.crates.io-1949cf8c6b5b557f\\worker-macros-0.4.2\\src\\lib.rs","byte_start":96,"byte_end":171,"line_start":8,"line_end":8,"column_start":1,"column_end":76,"is_primary":false,"text":[{"text":"pub fn durable_object(_attr: TokenStream, item: TokenStream) -> TokenStream {","highlight_start":1,"highlight_end":76}],"label":null,"suggested_replacement":null,"suggestion_applicability":null,"expansion":null}}}],"children":[],"rendered":"\u001b[1m\u001b[91merror[E0405]\u001b[0m\u001b[1m\u001b[97m: cannot find trait `__Need_Durable_Object_Trait_Impl_With_durable_object_Attribute` in this scope\u001b[0m\n  \u001b[1m\u001b[96m--> \u001b[0msrc\\vernam_session.rs:45:1\n   \u001b[1m\u001b[96m|\u001b[0m\n\u001b[1m\u001b[96m45\u001b[0m \u001b[1m\u001b[96m|\u001b[0m #[durable_object]\n   \u001b[1m\u001b[96m|\u001b[0m \u001b[1m\u001b[91m^^^^^^^^^^^^^^^^^\u001b[0m \u001b[1m\u001b[91mnot found in this scope\u001b[0m\n   \u001b[1m\u001b[96m|\u001b[0m\n   \u001b[1m\u001b[96m= \u001b[0m\u001b[1m\u001b[97mnote\u001b[0m: this error originates in the attribute macro `durable_object` (in Nightly builds, run with -Z macro-backtrace for more info)\n\n"}
{"$message_type":"diagnostic","message":"unused import: `vernam_session::VernamSession`","code":{"code":"unused_imports","explanation":null},"level":"warning","spans":[{"file_name":"src\\lib.rs","byte_start":376,"byte_end":405,"line_start":14,"line_end":14,"column_start":5,"column_end":34,"is_primary":true,"text":[{"text":"use vernam_session::VernamSession;","highlight_start":5,"highlight_end":34}],"label":null,"suggested_replacement":null,"suggestion_applicability":null,"expansion":null}],"children":[{"message":"`#[warn(unused_imports)]` (part of `#[warn(unused)]`) on by default","code":null,"level":"note","spans":[],"children":[],"rendered":null},{"message":"remove the whole `use` item","code":null,"level":"help","spans":[{"file_name":"src\\lib.rs","byte_start":372,"byte_end":408,"line_start":14,"line_end":15,"column_start":1,"column_end":1,"is_primary":true,"text":[{"text":"use vernam_session::VernamSession;","highlight_start":1,"highlight_end":35},{"text":"","highlight_start":1,"highlight_end":1}],"label":null,"suggested_replacement":"","suggestion_applicability":"MachineApplicable","expansion":null}],"children":[],"rendered":null}],"rendered":"\u001b[1m\u001b[93mwarning\u001b[0m\u001b[1m\u001b[97m: unused import: `vernam_session::VernamSession`\u001b[0m\n  \u001b[1m\u001b[96m--> \u001b[0msrc\\lib.rs:14:5\n   \u001b[1m\u001b[96m|\u001b[0m\n\u001b[1m\u001b[96m14\u001b[0m \u001b[1m\u001b[96m|\u001b[0m use vernam_session::VernamSession;\n   \u001b[1m\u001b[96m|\u001b[0m     \u001b[1m\u001b[93m^^^^^^^^^^^^^^^^^^^^^^^^^^^^^\u001b[0m\n   \u001b[1m\u001b[96m|\u001b[0m\n   \u001b[1m\u001b[96m= \u001b[0m\u001b[1m\u001b[97mnote\u001b[0m: `#[warn(unused_imports)]` (part of `#[warn(unused)]`) on by default\n\n"}
{"$message_type":"diagnostic","message":"lifetime parameters or bounds on method `fetch` do not match the trait declaration","code":{"code":"E0195","explanation":"The lifetime parameters of the method do not match the trait declaration.\n\nErroneous code example:\n\n```compile_fail,E0195\ntrait Trait {\n    fn bar<'a,'b:'a>(x: &'a str, y: &'b str);\n}\n\nstruct Foo;\n\nimpl Trait for Foo {\n    fn bar<'a,'b>(x: &'a str, y: &'b str) {\n    // error: lifetime parameters or bounds on method `bar`\n    // do not match the trait declaration\n    }\n}\n```\n\nThe lifetime constraint `'b` for `bar()` implementation does not match the\ntrait declaration. Ensure lifetime declarations match exactly in both trait\ndeclaration and implementation. Example:\n\n```\ntrait Trait {\n    fn t<'a,'b:'a>(x: &'a str, y: &'b str);\n}\n\nstruct Foo;\n\nimpl Trait for Foo {\n    fn t<'a,'b:'a>(x: &'a str, y: &'b str) { // ok!\n    }\n}\n```\n"},"level":"error","spans":[{"file_name":"src\\vernam_session.rs","byte_start":1447,"byte_end":1447,"line_start":57,"line_end":57,"column_start":19,"column_end":19,"is_primary":true,"text":[{"text":"    async fn fetch(&self, req: Request) -> Result<Response> {","highlight_start":19,"highlight_end":19}],"label":"lifetimes do not match method in trait","suggested_replacement":null,"suggestion_applicability":null,"expansion":null}],"children":[],"rendered":"\u001b[1m\u001b[91merror[E0195]\u001b[0m\u001b[1m\u001b[97m: lifetime parameters or bounds on method `fetch` do not match the trait declaration\u001b[0m\n  \u001b[1m\u001b[96m--> \u001b[0msrc\\vernam_session.rs:57:19\n   \u001b[1m\u001b[96m|\u001b[0m\n\u001b[1m\u001b[96m57\u001b[0m \u001b[1m\u001b[96m|\u001b[0m     async fn fetch(&self, req: Request) -> Result<Response> {\n   \u001b[1m\u001b[96m|\u001b[0m                   \u001b[1m\u001b[91m^\u001b[0m \u001b[1m\u001b[91mlifetimes do not match method in trait\u001b[0m\n\n"}
{"$message_type":"diagnostic","message":"lifetime parameters or bounds on method `websocket_message` do not match the trait declaration","code":{"code":"E0195","explanation":"The lifetime parameters of the method do not match the trait declaration.\n\nErroneous code example:\n\n```compile_fail,E0195\ntrait Trait {\n    fn bar<'a,'b:'a>(x: &'a str, y: &'b str);\n}\n\nstruct Foo;\n\nimpl Trait for Foo {\n    fn bar<'a,'b>(x: &'a str, y: &'b str) {\n    // error: lifetime parameters or bounds on method `bar`\n    // do not match the trait declaration\n    }\n}\n```\n\nThe lifetime constraint `'b` for `bar()` implementation does not match the\ntrait declaration. Ensure lifetime declarations match exactly in both trait\ndeclaration and implementation. Example:\n\n```\ntrait Trait {\n    fn t<'a,'b:'a>(x: &'a str, y: &'b str);\n}\n\nstruct Foo;\n\nimpl Trait for Foo {\n    fn t<'a,'b:'a>(x: &'a str, y: &'b str) { // ok!\n    }\n}\n```\n"},"level":"error","spans":[{"file_name":"src\\vernam_session.rs","byte_start":3108,"byte_end":3108,"line_start":101,"line_end":101,"column_start":31,"column_end":31,"is_primary":true,"text":[{"text":"    async fn websocket_message(","highlight_start":31,"highlight_end":31}],"label":"lifetimes do not match method in trait","suggested_replacement":null,"suggestion_applicability":null,"expansion":null}],"children":[],"rendered":"\u001b[1m\u001b[91merror[E0195]\u001b[0m\u001b[1m\u001b[97m: lifetime parameters or bounds on method `websocket_message` do not match the trait declaration\u001b[0m\n   \u001b[1m\u001b[96m--> \u001b[0msrc\\vernam_session.rs:101:31\n    \u001b[1m\u001b[96m|\u001b[0m\n\u001b[1m\u001b[96m101\u001b[0m \u001b[1m\u001b[96m|\u001b[0m     async fn websocket_message(\n    \u001b[1m\u001b[96m|\u001b[0m                               \u001b[1m\u001b[91m^\u001b[0m \u001b[1m\u001b[91mlifetimes do not match method in trait\u001b[0m\n\n"}
{"$message_type":"diagnostic","message":"lifetime parameters or bounds on method `websocket_close` do not match the trait declaration","code":{"code":"E0195","explanation":"The lifetime parameters of the method do not match the trait declaration.\n\nErroneous code example:\n\n```compile_fail,E0195\ntrait Trait {\n    fn bar<'a,'b:'a>(x: &'a str, y: &'b str);\n}\n\nstruct Foo;\n\nimpl Trait for Foo {\n    fn bar<'a,'b>(x: &'a str, y: &'b str) {\n    // error: lifetime parameters or bounds on method `bar`\n    // do not match the trait declaration\n    }\n}\n```\n\nThe lifetime constraint `'b` for `bar()` implementation does not match the\ntrait declaration. Ensure lifetime declarations match exactly in both trait\ndeclaration and implementation. Example:\n\n```\ntrait Trait {\n    fn t<'a,'b:'a>(x: &'a str, y: &'b str);\n}\n\nstruct Foo;\n\nimpl Trait for Foo {\n    fn t<'a,'b:'a>(x: &'a str, y: &'b str) { // ok!\n    }\n}\n```\n"},"level":"error","spans":[{"file_name":"src\\vernam_session.rs","byte_start":4279,"byte_end":4279,"line_start":132,"line_end":132,"column_start":29,"column_end":29,"is_primary":true,"text":[{"text":"    async fn websocket_close(","highlight_start":29,"highlight_end":29}],"label":"lifetimes do not match method in trait","suggested_replacement":null,"suggestion_applicability":null,"expansion":null}],"children":[],"rendered":"\u001b[1m\u001b[91merror[E0195]\u001b[0m\u001b[1m\u001b[97m: lifetime parameters or bounds on method `websocket_close` do not match the trait declaration\u001b[0m\n   \u001b[1m\u001b[96m--> \u001b[0msrc\\vernam_session.rs:132:29\n    \u001b[1m\u001b[96m|\u001b[0m\n\u001b[1m\u001b[96m132\u001b[0m \u001b[1m\u001b[96m|\u001b[0m     async fn websocket_close(\n    \u001b[1m\u001b[96m|\u001b[0m                             \u001b[1m\u001b[91m^\u001b[0m \u001b[1m\u001b[91mlifetimes do not match method in trait\u001b[0m\n\n"}
{"$message_type":"diagnostic","message":"lifetime parameters or bounds on method `websocket_error` do not match the trait declaration","code":{"code":"E0195","explanation":"The lifetime parameters of the method do not match the trait declaration.\n\nErroneous code example:\n\n```compile_fail,E0195\ntrait Trait {\n    fn bar<'a,'b:'a>(x: &'a str, y: &'b str);\n}\n\nstruct Foo;\n\nimpl Trait for Foo {\n    fn bar<'a,'b>(x: &'a str, y: &'b str) {\n    // error: lifetime parameters or bounds on method `bar`\n    // do not match the trait declaration\n    }\n}\n```\n\nThe lifetime constraint `'b` for `bar()` implementation does not match the\ntrait declaration. Ensure lifetime declarations match exactly in both trait\ndeclaration and implementation. Example:\n\n```\ntrait Trait {\n    fn t<'a,'b:'a>(x: &'a str, y: &'b str);\n}\n\nstruct Foo;\n\nimpl Trait for Foo {\n    fn t<'a,'b:'a>(x: &'a str, y: &'b str) { // ok!\n    }\n}\n```\n"},"level":"error","spans":[{"file_name":"src\\vernam_session.rs","byte_start":4649,"byte_end":4649,"line_start":145,"line_end":145,"column_start":29,"column_end":29,"is_primary":true,"text":[{"text":"    async fn websocket_error(","highlight_start":29,"highlight_end":29}],"label":"lifetimes do not match method in trait","suggested_replacement":null,"suggestion_applicability":null,"expansion":null}],"children":[],"rendered":"\u001b[1m\u001b[91merror[E0195]\u001b[0m\u001b[1m\u001b[97m: lifetime parameters or bounds on method `websocket_error` do not match the trait declaration\u001b[0m\n   \u001b[1m\u001b[96m--> \u001b[0msrc\\vernam_session.rs:145:29\n    \u001b[1m\u001b[96m|\u001b[0m\n\u001b[1m\u001b[96m145\u001b[0m \u001b[1m\u001b[96m|\u001b[0m     async fn websocket_error(\n    \u001b[1m\u001b[96m|\u001b[0m                             \u001b[1m\u001b[91m^\u001b[0m \u001b[1m\u001b[91mlifetimes do not match method in trait\u001b[0m\n\n"}
{"$message_type":"diagnostic","message":"failed to resolve: use of unresolved module or unlinked crate `console_error_panic_hook`","code":{"code":"E0433","explanation":"An undeclared crate, module, or type was used.\n\nErroneous code example:\n\n```compile_fail,E0433\nlet map = HashMap::new();\n// error: failed to resolve: use of undeclared type `HashMap`\n```\n\nPlease verify you didn't misspell the type/module's name or that you didn't\nforget to import it:\n\n```\nuse std::collections::HashMap; // HashMap has been imported.\nlet map: HashMap<u32, u32> = HashMap::new(); // So it can be used!\n```\n\nIf you've expected to use a crate name:\n\n```compile_fail\nuse ferris_wheel::BigO;\n// error: failed to resolve: use of undeclared module or unlinked crate\n```\n\nMake sure the crate has been added as a dependency in `Cargo.toml`.\n\nTo use a module from your current crate, add the `crate::` prefix to the path.\n"},"level":"error","spans":[{"file_name":"src\\lib.rs","byte_start":507,"byte_end":531,"line_start":18,"line_end":18,"column_start":5,"column_end":29,"is_primary":true,"text":[{"text":"    console_error_panic_hook::set_once();","highlight_start":5,"highlight_end":29}],"label":"use of unresolved module or unlinked crate `console_error_panic_hook`","suggested_replacement":null,"suggestion_applicability":null,"expansion":null}],"children":[{"message":"if you wanted to use a crate named `console_error_panic_hook`, use `cargo add console_error_panic_hook` to add it to your `Cargo.toml`","code":null,"level":"help","spans":[],"children":[],"rendered":null}],"rendered":"\u001b[1m\u001b[91merror[E0433]\u001b[0m\u001b[1m\u001b[97m: failed to resolve: use of unresolved module or unlinked crate `console_error_panic_hook`\u001b[0m\n  \u001b[1m\u001b[96m--> \u001b[0msrc\\lib.rs:18:5\n   \u001b[1m\u001b[96m|\u001b[0m\n\u001b[1m\u001b[96m18\u001b[0m \u001b[1m\u001b[96m|\u001b[0m     console_error_panic_hook::set_once();\n   \u001b[1m\u001b[96m|\u001b[0m     \u001b[1m\u001b[91m^^^^^^^^^^^^^^^^^^^^^^^^\u001b[0m \u001b[1m\u001b[91muse of unresolved module or unlinked crate `console_error_panic_hook`\u001b[0m\n   \u001b[1m\u001b[96m|\u001b[0m\n   \u001b[1m\u001b[96m= \u001b[0m\u001b[1m\u001b[97mhelp\u001b[0m: if you wanted to use a crate named `console_error_panic_hook`, use `cargo add console_error_panic_hook` to add it to your `Cargo.toml`\n\n"}
{"$message_type":"diagnostic","message":"mismatched types","code":{"code":"E0308","explanation":"Expected type did not match the received type.\n\nErroneous code examples:\n\n```compile_fail,E0308\nfn plus_one(x: i32) -> i32 {\n    x + 1\n}\n\nplus_one(\"Not a number\");\n//       ^^^^^^^^^^^^^^ expected `i32`, found `&str`\n\nif \"Not a bool\" {\n// ^^^^^^^^^^^^ expected `bool`, found `&str`\n}\n\nlet x: f32 = \"Not a float\";\n//     ---   ^^^^^^^^^^^^^ expected `f32`, found `&str`\n//     |\n//     expected due to this\n```\n\nThis error occurs when an expression was used in a place where the compiler\nexpected an expression of a different type. It can occur in several cases, the\nmost common being when calling a function and passing an argument which has a\ndifferent type than the matching type in the function declaration.\n"},"level":"error","spans":[{"file_name":"src\\lib.rs","byte_start":1089,"byte_end":1106,"line_start":34,"line_end":34,"column_start":29,"column_end":46,"is_primary":true,"text":[{"text":"        return cors_headers(Response::empty());","highlight_start":29,"highlight_end":46}],"label":"expected `Response`, found `Result<Response, Error>`","suggested_replacement":null,"suggestion_applicability":null,"expansion":null},{"file_name":"src\\lib.rs","byte_start":1076,"byte_end":1088,"line_start":34,"line_end":34,"column_start":16,"column_end":28,"is_primary":false,"text":[{"text":"        return cors_headers(Response::empty());","highlight_start":16,"highlight_end":28}],"label":"arguments to this function are incorrect","suggested_replacement":null,"suggestion_applicability":null,"expansion":null}],"children":[{"message":"expected struct `worker::Response`\n     found enum `std::result::Result<worker::Response, worker::Error>`","code":null,"level":"note","spans":[],"children":[],"rendered":null},{"message":"closure parameter defined here","code":null,"level":"note","spans":[{"file_name":"src\\lib.rs","byte_start":650,"byte_end":664,"line_start":24,"line_end":24,"column_start":25,"column_end":39,"is_primary":true,"text":[{"text":"    let cors_headers = |resp: Response| -> Result<Response> {","highlight_start":25,"highlight_end":39}],"label":null,"suggested_replacement":null,"suggestion_applicability":null,"expansion":null}],"children":[],"rendered":null},{"message":"use the `?` operator to extract the `std::result::Result<worker::Response, worker::Error>` value, propagating a `Result::Err` value to the caller","code":null,"level":"help","spans":[{"file_name":"src\\lib.rs","byte_start":1106,"byte_end":1106,"line_start":34,"line_end":34,"column_start":46,"column_end":46,"is_primary":true,"text":[{"text":"        return cors_headers(Response::empty());","highlight_start":46,"highlight_end":46}],"label":null,"suggested_replacement":"?","suggestion_applicability":"HasPlaceholders","expansion":null}],"children":[],"rendered":null}],"rendered":"\u001b[1m\u001b[91merror[E0308]\u001b[0m\u001b[1m\u001b[97m: mismatched types\u001b[0m\n  \u001b[1m\u001b[96m--> \u001b[0msrc\\lib.rs:34:29\n   \u001b[1m\u001b[96m|\u001b[0m\n\u001b[1m\u001b[96m34\u001b[0m \u001b[1m\u001b[96m|\u001b[0m         return cors_headers(Response::empty());\n   \u001b[1m\u001b[96m|\u001b[0m                \u001b[1m\u001b[96m------------\u001b[0m \u001b[1m\u001b[91m^^^^^^^^^^^^^^^^^\u001b[0m \u001b[1m\u001b[91mexpected `Response`, found `Result<Response, Error>`\u001b[0m\n   \u001b[1m\u001b[96m|\u001b[0m                \u001b[1m\u001b[96m|\u001b[0m\n   \u001b[1m\u001b[96m|\u001b[0m                \u001b[1m\u001b[96marguments to this function are incorrect\u001b[0m\n   \u001b[1m\u001b[96m|\u001b[0m\n   \u001b[1m\u001b[96m= \u001b[0m\u001b[1m\u001b[97mnote\u001b[0m: expected struct `worker::Response`\n                found enum `\u001b[1m\u001b[35mstd::result::Result<\u001b[0mworker::Response, \u001b[1m\u001b[35mworker::Error>\u001b[0m`\n\u001b[1m\u001b[92mnote\u001b[0m: closure parameter defined here\n  \u001b[1m\u001b[96m--> \u001b[0msrc\\lib.rs:24:25\n   \u001b[1m\u001b[96m|\u001b[0m\n\u001b[1m\u001b[96m24\u001b[0m \u001b[1m\u001b[96m|\u001b[0m     let cors_headers = |resp: Response| -> Result<Response> {\n   \u001b[1m\u001b[96m|\u001b[0m                         \u001b[1m\u001b[92m^^^^^^^^^^^^^^\u001b[0m\n\u001b[1m\u001b[96mhelp\u001b[0m: use the `?` operator to extract the `std::result::Result<worker::Response, worker::Error>` value, propagating a `Result::Err` value to the caller\n   \u001b[1m\u001b[96m|\u001b[0m\n\u001b[1m\u001b[96m34\u001b[0m \u001b[1m\u001b[96m| \u001b[0m        return cors_headers(Response::empty()\u001b[92m?\u001b[0m);\n   \u001b[1m\u001b[96m|\u001b[0m                                              \u001b[92m+\u001b[0m\n\n"}
{"$message_type":"diagnostic","message":"mismatched types","code":{"code":"E0308","explanation":"Expected type did not match the received type.\n\nErroneous code examples:\n\n```compile_fail,E0308\nfn plus_one(x: i32) -> i32 {\n    x + 1\n}\n\nplus_one(\"Not a number\");\n//       ^^^^^^^^^^^^^^ expected `i32`, found `&str`\n\nif \"Not a bool\" {\n// ^^^^^^^^^^^^ expected `bool`, found `&str`\n}\n\nlet x: f32 = \"Not a float\";\n//     ---   ^^^^^^^^^^^^^ expected `f32`, found `&str`\n//     |\n//     expected due to this\n```\n\nThis error occurs when an expression was used in a place where the compiler\nexpected an expression of a different type. It can occur in several cases, the\nmost common being when calling a function and passing an argument which has a\ndifferent type than the matching type in the function declaration.\n"},"level":"error","spans":[{"file_name":"src\\lib.rs","byte_start":1376,"byte_end":1418,"line_start":42,"line_end":42,"column_start":33,"column_end":75,"is_primary":true,"text":[{"text":"            return cors_headers(Response::error(\"Missing session_id\", 400));","highlight_start":33,"highlight_end":75}],"label":"expected `Response`, found `Result<Response, Error>`","suggested_replacement":null,"suggestion_applicability":null,"expansion":null},{"file_name":"src\\lib.rs","byte_start":1363,"byte_end":1375,"line_start":42,"line_end":42,"column_start":20,"column_end":32,"is_primary":false,"text":[{"text":"            return cors_headers(Response::error(\"Missing session_id\", 400));","highlight_start":20,"highlight_end":32}],"label":"arguments to this function are incorrect","suggested_replacement":null,"suggestion_applicability":null,"expansion":null}],"children":[{"message":"expected struct `worker::Response`\n     found enum `std::result::Result<worker::Response, worker::Error>`","code":null,"level":"note","spans":[],"children":[],"rendered":null},{"message":"closure parameter defined here","code":null,"level":"note","spans":[{"file_name":"src\\lib.rs","byte_start":650,"byte_end":664,"line_start":24,"line_end":24,"column_start":25,"column_end":39,"is_primary":true,"text":[{"text":"    let cors_headers = |resp: Response| -> Result<Response> {","highlight_start":25,"highlight_end":39}],"label":null,"suggested_replacement":null,"suggestion_applicability":null,"expansion":null}],"children":[],"rendered":null},{"message":"use the `?` operator to extract the `std::result::Result<worker::Response, worker::Error>` value, propagating a `Result::Err` value to the caller","code":null,"level":"help","spans":[{"file_name":"src\\lib.rs","byte_start":1418,"byte_end":1418,"line_start":42,"line_end":42,"column_start":75,"column_end":75,"is_primary":true,"text":[{"text":"            return cors_headers(Response::error(\"Missing session_id\", 400));","highlight_start":75,"highlight_end":75}],"label":null,"suggested_replacement":"?","suggestion_applicability":"HasPlaceholders","expansion":null}],"children":[],"rendered":null}],"rendered":"\u001b[1m\u001b[91merror[E0308]\u001b[0m\u001b[1m\u001b[97m: mismatched types\u001b[0m\n  \u001b[1m\u001b[96m--> \u001b[0msrc\\lib.rs:42:33\n   \u001b[1m\u001b[96m|\u001b[0m\n\u001b[1m\u001b[96m42\u001b[0m \u001b[1m\u001b[96m|\u001b[0m             return cors_headers(Response::error(\"Missing session_id\", 400));\n   \u001b[1m\u001b[96m|\u001b[0m                    \u001b[1m\u001b[96m------------\u001b[0m \u001b[1m\u001b[91m^^^^^^^^^^^^^^^^^^^^^^^^^^^^^^^^^^^^^^^^^^\u001b[0m \u001b[1m\u001b[91mexpected `Response`, found `Result<Response, Error>`\u001b[0m\n   \u001b[1m\u001b[96m|\u001b[0m                    \u001b[1m\u001b[96m|\u001b[0m\n   \u001b[1m\u001b[96m|\u001b[0m                    \u001b[1m\u001b[96marguments to this function are incorrect\u001b[0m\n   \u001b[1m\u001b[96m|\u001b[0m\n   \u001b[1m\u001b[96m= \u001b[0m\u001b[1m\u001b[97mnote\u001b[0m: expected struct `worker::Response`\n                found enum `\u001b[1m\u001b[35mstd::result::Result<\u001b[0mworker::Response, \u001b[1m\u001b[35mworker::Error>\u001b[0m`\n\u001b[1m\u001b[92mnote\u001b[0m: closure parameter defined here\n  \u001b[1m\u001b[96m--> \u001b[0msrc\\lib.rs:24:25\n   \u001b[1m\u001b[96m|\u001b[0m\n\u001b[1m\u001b[96m24\u001b[0m \u001b[1m\u001b[96m|\u001b[0m     let cors_headers = |resp: Response| -> Result<Response> {\n   \u001b[1m\u001b[96m|\u001b[0m                         \u001b[1m\u001b[92m^^^^^^^^^^^^^^\u001b[0m\n\u001b[1m\u001b[96mhelp\u001b[0m: use the `?` operator to extract the `std::result::Result<worker::Response, worker::Error>` value, propagating a `Result::Err` value to the caller\n   \u001b[1m\u001b[96m|\u001b[0m\n\u001b[1m\u001b[96m42\u001b[0m \u001b[1m\u001b[96m| \u001b[0m            return cors_headers(Response::error(\"Missing session_id\", 400)\u001b[92m?\u001b[0m);\n   \u001b[1m\u001b[96m|\u001b[0m                                                                           \u001b[92m+\u001b[0m\n\n"}
{"$message_type":"diagnostic","message":"mismatched types","code":{"code":"E0308","explanation":"Expected type did not match the received type.\n\nErroneous code examples:\n\n```compile_fail,E0308\nfn plus_one(x: i32) -> i32 {\n    x + 1\n}\n\nplus_one(\"Not a number\");\n//       ^^^^^^^^^^^^^^ expected `i32`, found `&str`\n\nif \"Not a bool\" {\n// ^^^^^^^^^^^^ expected `bool`, found `&str`\n}\n\nlet x: f32 = \"Not a float\";\n//     ---   ^^^^^^^^^^^^^ expected `f32`, found `&str`\n//     |\n//     expected due to this\n```\n\nThis error occurs when an expression was used in a place where the compiler\nexpected an expression of a different type. It can occur in several cases, the\nmost common being when calling a function and passing an argument which has a\ndifferent type than the matching type in the function declaration.\n"},"level":"error","spans":[{"file_name":"src\\lib.rs","byte_start":1852,"byte_end":1881,"line_start":56,"line_end":56,"column_start":29,"column_end":58,"is_primary":true,"text":[{"text":"        return cors_headers(Response::ok(\"ZKS Vernam OK\"));","highlight_start":29,"highlight_end":58}],"label":"expected `Response`, found `Result<Response, Error>`","suggested_replacement":null,"suggestion_applicability":null,"expansion":null},{"file_name":"src\\lib.rs","byte_start":1839,"byte_end":1851,"line_start":56,"line_end":56,"column_start":16,"column_end":28,"is_primary":false,"text":[{"text":"        return cors_headers(Response::ok(\"ZKS Vernam OK\"));","highlight_start":16,"highlight_end":28}],"label":"arguments to this function are incorrect","suggested_replacement":null,"suggestion_applicability":null,"expansion":null}],"children":[{"message":"expected struct `worker::Response`\n     found enum `std::result::Result<worker::Response, worker::Error>`","code":null,"level":"note","spans":[],"children":[],"rendered":null},{"message":"closure parameter defined here","code":null,"level":"note","spans":[{"file_name":"src\\lib.rs","byte_start":650,"byte_end":664,"line_start":24,"line_end":24,"column_start":25,"column_end":39,"is_primary":true,"text":[{"text":"    let cors_headers = |resp: Response| -> Result<Response> {","highlight_start":25,"highlight_end":39}],"label":null,"suggested_replacement":null,"suggestion_applicability":null,"expansion":null}],"children":[],"rendered":null},{"message":"use the `?` operator to extract the `std::result::Result<worker::Response, worker::Error>` value, propagating a `Result::Err` value to the caller","code":null,"level":"help","spans":[{"file_name":"src\\lib.rs","byte_start":1881,"byte_end":1881,"line_start":56,"line_end":56,"column_start":58,"column_end":58,"is_primary":true,"text":[{"text":"        return cors_headers(Response::ok(\"ZKS Vernam OK\"));","highlight_start":58,"highlight_end":58}],"label":null,"suggested_replacement":"?","suggestion_applicability":"HasPlaceholders","expansion":null}],"children":[],"rendered":null}],"rendered":"\u001b[1m\u001b[91merror[E0308]\u001b[0m\u001b[1m\u001b[97m: mismatched types\u001b[0m\n  \u001b[1m\u001b[96m--> \u001b[0msrc\\lib.rs:56:29\n   \u001b[1m\u001b[96m|\u001b[0m\n\u001b[1m\u001b[96m56\u001b[0m \u001b[1m\u001b[96m|\u001b[0m         return cors_headers(Response::ok(\"ZKS Vernam OK\"));\n   \u001b[1m\u001b[96m|\u001b[0m                \u001b[1m\u001b[96m------------\u001b[0m \u001b[1m\u001b[91m^^^^^^^^^^^^^^^^^^^^^^^^^^^^^\u001b[0m \u001b[1m\u001b[91mexpected `Response`, found `Result<Response, Error>`\u001b[0m\n   \u001b[1m\u001b[96m|\u001b[0m                \u001b[1m\u001b[96m|\u001b[0m\n   \u001b[1m\u001b[96m|\u001b[0m                \u001b[1m\u001b[96marguments to this function are incorrect\u001b[0m\n   \u001b[1m\u001b[96m|\u001b[0m\n   \u001b[1m\u001b[96m= \u001b[0m\u001b[1m\u001b[97mnote\u001b[0m: expected struct `worker::Response`\n                found enum `\u001b[1m\u001b[35mstd::result::Result<\u001b[0mworker::Response, \u001b[1m\u001b[35mworker::Error>\u001b[0m`\n\u001b[1m\u001b[92mnote\u001b[0m: closure parameter defined here\n  \u001b[1m\u001b[96m--> \u001b[0msrc\\lib.rs:24:25\n   \u001b[1m\u001b[96m|\u001b[0m\n\u001b[1m\u001b[96m24\u001b[0m \u001b[1m\u001b[96m|\u001b[0m     let cors_headers = |resp: Response| -> Result<Response> {\n   \u001b[1m\u001b[96m|\u001b[0m                         \u001b[1m\u001b[92m^^^^^^^^^^^^^^\u001b[0m\n\u001b[1m\u001b[96mhelp\u001b[0m: use the `?` operator to extract the `std::result::Result<worker::Response, worker::Error>` value, propagating a `Result::Err` value to the caller\n   \u001b[1m\u001b[96m|\u001b[0m\n\u001b[1m\u001b[96m56\u001b[0m \u001b[1m\u001b[96m| \u001b[0m        return cors_headers(Response::ok(\"ZKS Vernam OK\")\u001b[92m?\u001b[0m);\n   \u001b[1m\u001b[96m|\u001b[0m                                                          \u001b[92m+\u001b[0m\n\n"}
{"$message_type":"diagnostic","message":"mismatched types","code":{"code":"E0308","explanation":"Expected type did not match the received type.\n\nErroneous code examples:\n\n```compile_fail,E0308\nfn plus_one(x: i32) -> i32 {\n    x + 1\n}\n\nplus_one(\"Not a number\");\n//       ^^^^^^^^^^^^^^ expected `i32`, found `&str`\n\nif \"Not a bool\" {\n// ^^^^^^^^^^^^ expected `bool`, found `&str`\n}\n\nlet x: f32 = \"Not a float\";\n//     ---   ^^^^^^^^^^^^^ expected `f32`, found `&str`\n//     |\n//     expected due to this\n```\n\nThis error occurs when an expression was used in a place where the compiler\nexpected an expression of a different type. It can occur in several cases, the\nmost common being when calling a function and passing an argument which has a\ndifferent type than the matching type in the function declaration.\n"},"level":"error","spans":[{"file_name":"src\\lib.rs","byte_start":1911,"byte_end":1944,"line_start":59,"line_end":59,"column_start":18,"column_end":51,"is_primary":true,"text":[{"text":"    cors_headers(Response::error(\"Not Found\", 404))","highlight_start":18,"highlight_end":51}],"label":"expected `Response`, found `Result<Response, Error>`","suggested_replacement":null,"suggestion_applicability":null,"expansion":null},{"file_name":"src\\lib.rs","byte_start":1898,"byte_end":1910,"line_start":59,"line_end":59,"column_start":5,"column_end":17,"is_primary":false,"text":[{"text":"    cors_headers(Response::error(\"Not Found\", 404))","highlight_start":5,"highlight_end":17}],"label":"arguments to this function are incorrect","suggested_replacement":null,"suggestion_applicability":null,"expansion":null}],"children":[{"message":"expected struct `worker::Response`\n     found enum `std::result::Result<worker::Response, worker::Error>`","code":null,"level":"note","spans":[],"children":[],"rendered":null},{"message":"closure parameter defined here","code":null,"level":"note","spans":[{"file_name":"src\\lib.rs","byte_start":650,"byte_end":664,"line_start":24,"line_end":24,"column_start":25,"column_end":39,"is_primary":true,"text":[{"text":"    let cors_headers = |resp: Response| -> Result<Response> {","highlight_start":25,"highlight_end":39}],"label":null,"suggested_replacement":null,"suggestion_applicability":null,"expansion":null}],"children":[],"rendered":null},{"message":"use the `?` operator to extract the `std::result::Result<worker::Response, worker::Error>` value, propagating a `Result::Err` value to the caller","code":null,"level":"help","spans":[{"file_name":"src\\lib.rs","byte_start":1944,"byte_end":1944,"line_start":59,"line_end":59,"column_start":51,"column_end":51,"is_primary":true,"text":[{"text":"    cors_headers(Response::error(\"Not Found\", 404))","highlight_start":51,"highlight_end":51}],"label":null,"suggested_replacement":"?","suggestion_applicability":"HasPlaceholders","expansion":null}],"children":[],"rendered":null}],"rendered":"\u001b[1m\u001b[91merror[E0308]\u001b[0m\u001b[1m\u001b[97m: mismatched types\u001b[0m\n  \u001b[1m\u001b[96m--> \u001b[0msrc\\lib.rs:59:18\n   \u001b[1m\u001b[96m|\u001b[0m\n\u001b[1m\u001b[96m59\u001b[0m \u001b[1m\u001b[96m|\u001b[0m     cors_headers(Response::error(\"Not Found\", 404))\n   \u001b[1m\u001b[96m|\u001b[0m     \u001b[1m\u001b[96m------------\u001b[0m \u001b[1m\u001b[91m^^^^^^^^^^^^^^^^^^^^^^^^^^^^^^^^^\u001b[0m \u001b[1m\u001b[91mexpected `Response`, found `Result<Response, Error>`\u001b[0m\n   \u001b[1m\u001b[96m|\u001b[0m     \u001b[1m\u001b[96m|\u001b[0m\n   \u001b[1m\u001b[96m|\u001b[0m     \u001b[1m\u001b[96marguments to this function are incorrect\u001b[0m\n   \u001b[1m\u001b[96m|\u001b[0m\n   \u001b[1m\u001b[96m= \u001b[0m\u001b[1m\u001b[97mnote\u001b[0m: expected struct `worker::Response`\n                found enum `\u001b[1m\u001b[35mstd::result::Result<\u001b[0mworker::Response, \u001b[1m\u001b[35mworker::Error>\u001b[0m`\n\u001b[1m\u001b[92mnote\u001b[0m: closure parameter defined here\n  \u001b[1m\u001b[96m--> \u001b[0msrc\\lib.rs:24:25\n   \u001b[1m\u001b[96m|\u001b[0m\n\u001b[1m\u001b[96m24\u001b[0m \u001b[1m\u001b[96m|\u001b[0m     let cors_headers = |resp: Response| -> Result<Response> {\n   \u001b[1m\u001b[96m|\u001b[0m                         \u001b[1m\u001b[92m^^^^^^^^^^^^^^\u001b[0m\n\u001b[1m\u001b[96mhelp\u001b[0m: use the `?` operator to extract the `std::result::Result<worker::Response, worker::Error>` value, propagating a `Result::Err` value to the caller\n   \u001b[1m\u001b[96m|\u001b[0m\n\u001b[1m\u001b[96m59\u001b[0m \u001b[1m\u001b[96m| \u001b[0m    cors_headers(Response::error(\"Not Found\", 404)\u001b[92m?\u001b[0m)\n   \u001b[1m\u001b[96m|\u001b[0m                                                   \u001b[92m+\u001b[0m\n\n"}
{"$message_type":"diagnostic","message":"aborting due to 12 previous errors; 1 warning emitted","code":null,"level":"error","spans":[],"children":[],"rendered":"\u001b[1m\u001b[91merror\u001b[0m\u001b[1m\u001b[97m: aborting due to 12 previous errors; 1 warning emitted\u001b[0m\n\n"}
{"$message_type":"diagnostic","message":"Some errors have detailed explanations: E0195, E0308, E0405, E0433.","code":null,"level":"failure-note","spans":[],"children":[],"rendered":"\u001b[1m\u001b[97mSome errors have detailed explanations: E0195, E0308, E0405, E0433.\u001b[0m\n"}
{"$message_type":"diagnostic","message":"For more information about an error, try `rustc --explain E0195`.","code":null,"level":"failure-note","spans":[],"children":[],"rendered":"\u001b[1m\u001b[97mFor more information about an error, try `rustc --explain E0195`.\u001b[0m\n"}
